<?xml version="1.0" encoding="UTF-8"?>
<testng-results ignored="0" total="1" passed="1" failed="0" skipped="0">
  <reporter-output>
  </reporter-output>
  <suite started-at="2023-02-13T16:13:51 IST" name="Default suite" finished-at="2023-02-13T16:14:12 IST" duration-ms="21200">
    <groups>
    </groups>
    <test started-at="2023-02-13T16:13:51 IST" name="Default test" finished-at="2023-02-13T16:14:12 IST" duration-ms="21200">
      <class name="task.Flipkarttask">
        <test-method signature="flipkartTest()[pri:0, instance:task.Flipkarttask@7bab3f1a]" started-at="2023-02-13T16:13:51 IST" name="flipkartTest" finished-at="2023-02-13T16:14:12 IST" duration-ms="21124" status="PASS">
          <reporter-output>
          </reporter-output>
        </test-method> <!-- flipkartTest -->
      </class> <!-- task.Flipkarttask -->
    </test> <!-- Default test -->
  </suite> <!-- Default suite -->
</testng-results>
